  main.cpp
  ofApp.cpp
C:\Dev\openFrameworks\libs\openFrameworks\math\ofMatrix4x4.h(326,20): warning C4267: 'argument' : conversion de 'size_t' en 'int', perte possible de données
  (compiler le fichier source 'src/ofApp.cpp')
  
C:\Dev\openFrameworks\libs\openFrameworks\math\ofMatrix4x4.h(331,20): warning C4267: 'argument' : conversion de 'size_t' en 'int', perte possible de données
  (compiler le fichier source 'src/ofApp.cpp')
  
C:\Dev\openFrameworks\libs\openFrameworks\math\ofMatrix4x4.h(912,11): warning C4267: 'argument' : conversion de 'size_t' en 'int', perte possible de données
  (compiler le fichier source 'src/ofApp.cpp')
  
C:\Dev\openFrameworks\libs\openFrameworks\math\ofMatrix4x4.h(913,11): warning C4267: 'argument' : conversion de 'size_t' en 'int', perte possible de données
  (compiler le fichier source 'src/ofApp.cpp')
  
C:\Dev\openFrameworks\libs\openFrameworks\math\ofMatrix4x4.h(914,11): warning C4267: 'argument' : conversion de 'size_t' en 'int', perte possible de données
  (compiler le fichier source 'src/ofApp.cpp')
  
C:\Dev\openFrameworks\libs\openFrameworks\math\ofMatrix4x4.h(915,11): warning C4267: 'argument' : conversion de 'size_t' en 'int', perte possible de données
  (compiler le fichier source 'src/ofApp.cpp')
  
C:\Dev\openFrameworks\libs\openFrameworks\math\ofMatrix4x4.h(326,20): warning C4267: 'argument' : conversion de 'size_t' en 'int', perte possible de données
  (compiler le fichier source 'src/main.cpp')
  
C:\Dev\openFrameworks\libs\openFrameworks\math\ofMatrix4x4.h(331,20): warning C4267: 'argument' : conversion de 'size_t' en 'int', perte possible de données
  (compiler le fichier source 'src/main.cpp')
  
C:\Dev\openFrameworks\libs\openFrameworks\math\ofMatrix4x4.h(912,11): warning C4267: 'argument' : conversion de 'size_t' en 'int', perte possible de données
  (compiler le fichier source 'src/main.cpp')
  
C:\Dev\openFrameworks\libs\openFrameworks\math\ofMatrix4x4.h(913,11): warning C4267: 'argument' : conversion de 'size_t' en 'int', perte possible de données
  (compiler le fichier source 'src/main.cpp')
  
C:\Dev\openFrameworks\libs\openFrameworks\math\ofMatrix4x4.h(914,11): warning C4267: 'argument' : conversion de 'size_t' en 'int', perte possible de données
  (compiler le fichier source 'src/main.cpp')
  
C:\Dev\openFrameworks\libs\openFrameworks\math\ofMatrix4x4.h(915,11): warning C4267: 'argument' : conversion de 'size_t' en 'int', perte possible de données
  (compiler le fichier source 'src/main.cpp')
  
  ofxAssimpAnimation.cpp
  ofxAssimpMeshHelper.cpp
  ofxAssimpModelLoader.cpp
  ofxAssimpTexture.cpp
C:\Dev\openFrameworks\addons\ofxAssimpModelLoader\src\ofxAssimpTexture.cpp(31,6): warning C4551: liste d'arguments manquante dans l'appel de fonction
C:\Dev\openFrameworks\libs\openFrameworks\math\ofMatrix4x4.h(326,20): warning C4267: 'argument' : conversion de 'size_t' en 'int', perte possible de données
  (compiler le fichier source '../../addons/ofxAssimpModelLoader/src/ofxAssimpModelLoader.cpp')
  
C:\Dev\openFrameworks\libs\openFrameworks\math\ofMatrix4x4.h(331,20): warning C4267: 'argument' : conversion de 'size_t' en 'int', perte possible de données
  (compiler le fichier source '../../addons/ofxAssimpModelLoader/src/ofxAssimpModelLoader.cpp')
  
C:\Dev\openFrameworks\libs\openFrameworks\math\ofMatrix4x4.h(912,11): warning C4267: 'argument' : conversion de 'size_t' en 'int', perte possible de données
  (compiler le fichier source '../../addons/ofxAssimpModelLoader/src/ofxAssimpModelLoader.cpp')
  
C:\Dev\openFrameworks\libs\openFrameworks\math\ofMatrix4x4.h(913,11): warning C4267: 'argument' : conversion de 'size_t' en 'int', perte possible de données
  (compiler le fichier source '../../addons/ofxAssimpModelLoader/src/ofxAssimpModelLoader.cpp')
  
C:\Dev\openFrameworks\libs\openFrameworks\math\ofMatrix4x4.h(914,11): warning C4267: 'argument' : conversion de 'size_t' en 'int', perte possible de données
  (compiler le fichier source '../../addons/ofxAssimpModelLoader/src/ofxAssimpModelLoader.cpp')
  
C:\Dev\openFrameworks\libs\openFrameworks\math\ofMatrix4x4.h(915,11): warning C4267: 'argument' : conversion de 'size_t' en 'int', perte possible de données
  (compiler le fichier source '../../addons/ofxAssimpModelLoader/src/ofxAssimpModelLoader.cpp')
  
C:\Dev\openFrameworks\libs\openFrameworks\math\ofMatrix4x4.h(326,20): warning C4267: 'argument' : conversion de 'size_t' en 'int', perte possible de données
  (compiler le fichier source '../../addons/ofxAssimpModelLoader/src/ofxAssimpMeshHelper.cpp')
  
C:\Dev\openFrameworks\libs\openFrameworks\math\ofMatrix4x4.h(331,20): warning C4267: 'argument' : conversion de 'size_t' en 'int', perte possible de données
  (compiler le fichier source '../../addons/ofxAssimpModelLoader/src/ofxAssimpMeshHelper.cpp')
  
C:\Dev\openFrameworks\libs\openFrameworks\math\ofMatrix4x4.h(912,11): warning C4267: 'argument' : conversion de 'size_t' en 'int', perte possible de données
  (compiler le fichier source '../../addons/ofxAssimpModelLoader/src/ofxAssimpMeshHelper.cpp')
  
C:\Dev\openFrameworks\libs\openFrameworks\math\ofMatrix4x4.h(913,11): warning C4267: 'argument' : conversion de 'size_t' en 'int', perte possible de données
  (compiler le fichier source '../../addons/ofxAssimpModelLoader/src/ofxAssimpMeshHelper.cpp')
  
C:\Dev\openFrameworks\libs\openFrameworks\math\ofMatrix4x4.h(914,11): warning C4267: 'argument' : conversion de 'size_t' en 'int', perte possible de données
  (compiler le fichier source '../../addons/ofxAssimpModelLoader/src/ofxAssimpMeshHelper.cpp')
  
C:\Dev\openFrameworks\libs\openFrameworks\math\ofMatrix4x4.h(915,11): warning C4267: 'argument' : conversion de 'size_t' en 'int', perte possible de données
  (compiler le fichier source '../../addons/ofxAssimpModelLoader/src/ofxAssimpMeshHelper.cpp')
  
C:\Dev\openFrameworks\addons\ofxAssimpModelLoader\src\ofxAssimpModelLoader.cpp(47,9): warning C4996: 'ofxAssimpModelLoader::load': ofxAssimpModelLoader::load(std::string modelName, bool bOptimize) is deprecated, use load(std::string modelName, int assimpOptimizeFlags) instead.
C:\Dev\openFrameworks\addons\ofxAssimpModelLoader\src\ofxAssimpModelLoader.cpp(52,9): warning C4996: 'ofxAssimpModelLoader::load': ofxAssimpModelLoader::load(ofBuffer & buffer, bool optimize=false, const char * extension=) is deprecated, use load(std::string modelName, int assimpOptimizeFlags) instead.
C:\Dev\openFrameworks\addons\ofxAssimpModelLoader\src\ofxAssimpModelLoader.cpp(369,9): warning C4551: liste d'arguments manquante dans l'appel de fonction
C:\Dev\openFrameworks\addons\ofxAssimpModelLoader\src\ofxAssimpModelLoader.cpp(527,77): warning C4267: 'argument' : conversion de 'size_t' en 'int', perte possible de données
C:\Dev\openFrameworks\addons\ofxAssimpModelLoader\src\ofxAssimpModelLoader.cpp(707,24): warning C4267: 'return' : conversion de 'size_t' en 'unsigned int', perte possible de données
C:\Dev\openFrameworks\addons\ofxAssimpModelLoader\src\ofxAssimpModelLoader.cpp(798,25): warning C4267: 'return' : conversion de 'size_t' en 'unsigned int', perte possible de données
C:\Dev\openFrameworks\addons\ofxAssimpModelLoader\src\ofxAssimpModelLoader.cpp(878,12): warning C4267: 'initialisation' : conversion de 'size_t' en 'int', perte possible de données
C:\Dev\openFrameworks\addons\ofxAssimpModelLoader\src\ofxAssimpModelLoader.cpp(964,55): warning C4267: 'argument' : conversion de 'size_t' en 'int', perte possible de données
C:\Dev\openFrameworks\addons\ofxAssimpModelLoader\src\ofxAssimpModelLoader.cpp(1216,22): warning C4267: 'return' : conversion de 'size_t' en 'int', perte possible de données
  ofxBaseGui.cpp
  ofxButton.cpp
  ofxColorPicker.cpp
  ofxGuiGroup.cpp
  ofxInputField.cpp
  ofxLabel.cpp
  ofxPanel.cpp
  ofxSlider.cpp
  ofxSliderGroup.cpp
  ofxToggle.cpp
C:\Dev\openFrameworks\libs\openFrameworks\types\ofColor.h(708,6): warning C4244: '=' : conversion de 'float' en 'PixelType', perte possible de données
C:\Dev\openFrameworks\libs\openFrameworks\types\ofColor.h(708,6): warning C4244:         with
C:\Dev\openFrameworks\libs\openFrameworks\types\ofColor.h(708,6): warning C4244:         [
C:\Dev\openFrameworks\libs\openFrameworks\types\ofColor.h(708,6): warning C4244:             PixelType=unsigned char
C:\Dev\openFrameworks\libs\openFrameworks\types\ofColor.h(708,6): warning C4244:         ]
  (compiler le fichier source '../../addons/ofxGui/src/ofxColorPicker.cpp')
  
C:\Dev\openFrameworks\libs\openFrameworks\math\ofMatrix4x4.h(326,20): warning C4267: 'argument' : conversion de 'size_t' en 'int', perte possible de données
  (compiler le fichier source '../../addons/ofxGui/src/ofxBaseGui.cpp')
  
C:\Dev\openFrameworks\libs\openFrameworks\math\ofMatrix4x4.h(331,20): warning C4267: 'argument' : conversion de 'size_t' en 'int', perte possible de données
  (compiler le fichier source '../../addons/ofxGui/src/ofxBaseGui.cpp')
  
C:\Dev\openFrameworks\libs\openFrameworks\math\ofMatrix4x4.h(326,20): warning C4267: 'argument' : conversion de 'size_t' en 'int', perte possible de données
  (compiler le fichier source '../../addons/ofxGui/src/ofxGuiGroup.cpp')
  
C:\Dev\openFrameworks\libs\openFrameworks\math\ofMatrix4x4.h(331,20): warning C4267: 'argument' : conversion de 'size_t' en 'int', perte possible de données
  (compiler le fichier source '../../addons/ofxGui/src/ofxGuiGroup.cpp')
  
C:\Dev\openFrameworks\libs\openFrameworks\math\ofMatrix4x4.h(912,11): warning C4267: 'argument' : conversion de 'size_t' en 'int', perte possible de données
  (compiler le fichier source '../../addons/ofxGui/src/ofxBaseGui.cpp')
  
C:\Dev\openFrameworks\libs\openFrameworks\math\ofMatrix4x4.h(913,11): warning C4267: 'argument' : conversion de 'size_t' en 'int', perte possible de données
  (compiler le fichier source '../../addons/ofxGui/src/ofxBaseGui.cpp')
  
C:\Dev\openFrameworks\libs\openFrameworks\math\ofMatrix4x4.h(914,11): warning C4267: 'argument' : conversion de 'size_t' en 'int', perte possible de données
  (compiler le fichier source '../../addons/ofxGui/src/ofxBaseGui.cpp')
  
C:\Dev\openFrameworks\libs\openFrameworks\math\ofMatrix4x4.h(915,11): warning C4267: 'argument' : conversion de 'size_t' en 'int', perte possible de données
  (compiler le fichier source '../../addons/ofxGui/src/ofxBaseGui.cpp')
  
C:\Dev\openFrameworks\libs\openFrameworks\math\ofMatrix4x4.h(326,20): warning C4267: 'argument' : conversion de 'size_t' en 'int', perte possible de données
  (compiler le fichier source '../../addons/ofxGui/src/ofxInputField.cpp')
  
C:\Dev\openFrameworks\libs\openFrameworks\math\ofMatrix4x4.h(331,20): warning C4267: 'argument' : conversion de 'size_t' en 'int', perte possible de données
  (compiler le fichier source '../../addons/ofxGui/src/ofxInputField.cpp')
  
C:\Dev\openFrameworks\libs\openFrameworks\math\ofMatrix4x4.h(326,20): warning C4267: 'argument' : conversion de 'size_t' en 'int', perte possible de données
  (compiler le fichier source '../../addons/ofxGui/src/ofxSliderGroup.cpp')
  
C:\Dev\openFrameworks\libs\openFrameworks\math\ofMatrix4x4.h(331,20): warning C4267: 'argument' : conversion de 'size_t' en 'int', perte possible de données
  (compiler le fichier source '../../addons/ofxGui/src/ofxSliderGroup.cpp')
  
C:\Dev\openFrameworks\libs\openFrameworks\math\ofMatrix4x4.h(326,20): warning C4267: 'argument' : conversion de 'size_t' en 'int', perte possible de données
  (compiler le fichier source '../../addons/ofxGui/src/ofxToggle.cpp')
  
C:\Dev\openFrameworks\libs\openFrameworks\math\ofMatrix4x4.h(331,20): warning C4267: 'argument' : conversion de 'size_t' en 'int', perte possible de données
  (compiler le fichier source '../../addons/ofxGui/src/ofxToggle.cpp')
  
C:\Dev\openFrameworks\libs\openFrameworks\math\ofMatrix4x4.h(912,11): warning C4267: 'argument' : conversion de 'size_t' en 'int', perte possible de données
  (compiler le fichier source '../../addons/ofxGui/src/ofxGuiGroup.cpp')
  
C:\Dev\openFrameworks\libs\openFrameworks\math\ofMatrix4x4.h(913,11): warning C4267: 'argument' : conversion de 'size_t' en 'int', perte possible de données
  (compiler le fichier source '../../addons/ofxGui/src/ofxGuiGroup.cpp')
  
C:\Dev\openFrameworks\libs\openFrameworks\math\ofMatrix4x4.h(914,11): warning C4267: 'argument' : conversion de 'size_t' en 'int', perte possible de données
  (compiler le fichier source '../../addons/ofxGui/src/ofxGuiGroup.cpp')
  
C:\Dev\openFrameworks\libs\openFrameworks\math\ofMatrix4x4.h(915,11): warning C4267: 'argument' : conversion de 'size_t' en 'int', perte possible de données
  (compiler le fichier source '../../addons/ofxGui/src/ofxGuiGroup.cpp')
  
C:\Dev\openFrameworks\libs\openFrameworks\math\ofMatrix4x4.h(912,11): warning C4267: 'argument' : conversion de 'size_t' en 'int', perte possible de données
  (compiler le fichier source '../../addons/ofxGui/src/ofxInputField.cpp')
  
C:\Dev\openFrameworks\libs\openFrameworks\math\ofMatrix4x4.h(913,11): warning C4267: 'argument' : conversion de 'size_t' en 'int', perte possible de données
  (compiler le fichier source '../../addons/ofxGui/src/ofxInputField.cpp')
  
C:\Dev\openFrameworks\libs\openFrameworks\math\ofMatrix4x4.h(914,11): warning C4267: 'argument' : conversion de 'size_t' en 'int', perte possible de données
  (compiler le fichier source '../../addons/ofxGui/src/ofxInputField.cpp')
  
C:\Dev\openFrameworks\libs\openFrameworks\math\ofMatrix4x4.h(915,11): warning C4267: 'argument' : conversion de 'size_t' en 'int', perte possible de données
  (compiler le fichier source '../../addons/ofxGui/src/ofxInputField.cpp')
  
C:\Dev\openFrameworks\libs\openFrameworks\math\ofMatrix4x4.h(912,11): warning C4267: 'argument' : conversion de 'size_t' en 'int', perte possible de données
  (compiler le fichier source '../../addons/ofxGui/src/ofxSliderGroup.cpp')
  
C:\Dev\openFrameworks\libs\openFrameworks\math\ofMatrix4x4.h(913,11): warning C4267: 'argument' : conversion de 'size_t' en 'int', perte possible de données
  (compiler le fichier source '../../addons/ofxGui/src/ofxSliderGroup.cpp')
  
C:\Dev\openFrameworks\libs\openFrameworks\math\ofMatrix4x4.h(914,11): warning C4267: 'argument' : conversion de 'size_t' en 'int', perte possible de données
  (compiler le fichier source '../../addons/ofxGui/src/ofxSliderGroup.cpp')
  
C:\Dev\openFrameworks\libs\openFrameworks\math\ofMatrix4x4.h(915,11): warning C4267: 'argument' : conversion de 'size_t' en 'int', perte possible de données
  (compiler le fichier source '../../addons/ofxGui/src/ofxSliderGroup.cpp')
  
C:\Dev\openFrameworks\libs\openFrameworks\math\ofMatrix4x4.h(326,20): warning C4267: 'argument' : conversion de 'size_t' en 'int', perte possible de données
  (compiler le fichier source '../../addons/ofxGui/src/ofxLabel.cpp')
  
C:\Dev\openFrameworks\libs\openFrameworks\math\ofMatrix4x4.h(331,20): warning C4267: 'argument' : conversion de 'size_t' en 'int', perte possible de données
  (compiler le fichier source '../../addons/ofxGui/src/ofxLabel.cpp')
  
C:\Dev\openFrameworks\libs\openFrameworks\math\ofMatrix4x4.h(326,20): warning C4267: 'argument' : conversion de 'size_t' en 'int', perte possible de données
  (compiler le fichier source '../../addons/ofxGui/src/ofxPanel.cpp')
  
C:\Dev\openFrameworks\libs\openFrameworks\math\ofMatrix4x4.h(912,11): warning C4267: 'argument' : conversion de 'size_t' en 'int', perte possible de données
  (compiler le fichier source '../../addons/ofxGui/src/ofxToggle.cpp')
  
C:\Dev\openFrameworks\libs\openFrameworks\math\ofMatrix4x4.h(331,20): warning C4267: 'argument' : conversion de 'size_t' en 'int', perte possible de données
  (compiler le fichier source '../../addons/ofxGui/src/ofxPanel.cpp')
  
C:\Dev\openFrameworks\libs\openFrameworks\math\ofMatrix4x4.h(913,11): warning C4267: 'argument' : conversion de 'size_t' en 'int', perte possible de données
  (compiler le fichier source '../../addons/ofxGui/src/ofxToggle.cpp')
  
C:\Dev\openFrameworks\libs\openFrameworks\math\ofMatrix4x4.h(914,11): warning C4267: 'argument' : conversion de 'size_t' en 'int', perte possible de données
  (compiler le fichier source '../../addons/ofxGui/src/ofxToggle.cpp')
  
C:\Dev\openFrameworks\libs\openFrameworks\math\ofMatrix4x4.h(915,11): warning C4267: 'argument' : conversion de 'size_t' en 'int', perte possible de données
  (compiler le fichier source '../../addons/ofxGui/src/ofxToggle.cpp')
  
C:\Dev\openFrameworks\libs\openFrameworks\math\ofMatrix4x4.h(326,20): warning C4267: 'argument' : conversion de 'size_t' en 'int', perte possible de données
  (compiler le fichier source '../../addons/ofxGui/src/ofxButton.cpp')
  
C:\Dev\openFrameworks\libs\openFrameworks\math\ofMatrix4x4.h(331,20): warning C4267: 'argument' : conversion de 'size_t' en 'int', perte possible de données
  (compiler le fichier source '../../addons/ofxGui/src/ofxButton.cpp')
  
C:\Dev\openFrameworks\libs\openFrameworks\math\ofMatrix4x4.h(912,11): warning C4267: 'argument' : conversion de 'size_t' en 'int', perte possible de données
  (compiler le fichier source '../../addons/ofxGui/src/ofxLabel.cpp')
  
C:\Dev\openFrameworks\libs\openFrameworks\math\ofMatrix4x4.h(913,11): warning C4267: 'argument' : conversion de 'size_t' en 'int', perte possible de données
  (compiler le fichier source '../../addons/ofxGui/src/ofxLabel.cpp')
  
C:\Dev\openFrameworks\libs\openFrameworks\math\ofMatrix4x4.h(914,11): warning C4267: 'argument' : conversion de 'size_t' en 'int', perte possible de données
  (compiler le fichier source '../../addons/ofxGui/src/ofxLabel.cpp')
  
C:\Dev\openFrameworks\libs\openFrameworks\math\ofMatrix4x4.h(915,11): warning C4267: 'argument' : conversion de 'size_t' en 'int', perte possible de données
  (compiler le fichier source '../../addons/ofxGui/src/ofxLabel.cpp')
  
C:\Dev\openFrameworks\libs\openFrameworks\math\ofMatrix4x4.h(912,11): warning C4267: 'argument' : conversion de 'size_t' en 'int', perte possible de données
  (compiler le fichier source '../../addons/ofxGui/src/ofxPanel.cpp')
  
C:\Dev\openFrameworks\libs\openFrameworks\math\ofMatrix4x4.h(913,11): warning C4267: 'argument' : conversion de 'size_t' en 'int', perte possible de données
  (compiler le fichier source '../../addons/ofxGui/src/ofxPanel.cpp')
  
C:\Dev\openFrameworks\libs\openFrameworks\math\ofMatrix4x4.h(914,11): warning C4267: 'argument' : conversion de 'size_t' en 'int', perte possible de données
  (compiler le fichier source '../../addons/ofxGui/src/ofxPanel.cpp')
  
C:\Dev\openFrameworks\libs\openFrameworks\math\ofMatrix4x4.h(915,11): warning C4267: 'argument' : conversion de 'size_t' en 'int', perte possible de données
  (compiler le fichier source '../../addons/ofxGui/src/ofxPanel.cpp')
  
C:\Dev\openFrameworks\libs\openFrameworks\math\ofMatrix4x4.h(912,11): warning C4267: 'argument' : conversion de 'size_t' en 'int', perte possible de données
  (compiler le fichier source '../../addons/ofxGui/src/ofxButton.cpp')
  
C:\Dev\openFrameworks\libs\openFrameworks\math\ofMatrix4x4.h(913,11): warning C4267: 'argument' : conversion de 'size_t' en 'int', perte possible de données
  (compiler le fichier source '../../addons/ofxGui/src/ofxButton.cpp')
  
C:\Dev\openFrameworks\libs\openFrameworks\math\ofMatrix4x4.h(914,11): warning C4267: 'argument' : conversion de 'size_t' en 'int', perte possible de données
  (compiler le fichier source '../../addons/ofxGui/src/ofxButton.cpp')
  
C:\Dev\openFrameworks\libs\openFrameworks\math\ofMatrix4x4.h(915,11): warning C4267: 'argument' : conversion de 'size_t' en 'int', perte possible de données
  (compiler le fichier source '../../addons/ofxGui/src/ofxButton.cpp')
  
C:\Dev\openFrameworks\libs\openFrameworks\math\ofMatrix4x4.h(326,20): warning C4267: 'argument' : conversion de 'size_t' en 'int', perte possible de données
  (compiler le fichier source '../../addons/ofxGui/src/ofxSlider.cpp')
  
C:\Dev\openFrameworks\libs\openFrameworks\math\ofMatrix4x4.h(331,20): warning C4267: 'argument' : conversion de 'size_t' en 'int', perte possible de données
  (compiler le fichier source '../../addons/ofxGui/src/ofxSlider.cpp')
  
C:\Dev\openFrameworks\libs\openFrameworks\math\ofMatrix4x4.h(912,11): warning C4267: 'argument' : conversion de 'size_t' en 'int', perte possible de données
  (compiler le fichier source '../../addons/ofxGui/src/ofxSlider.cpp')
  
C:\Dev\openFrameworks\libs\openFrameworks\math\ofMatrix4x4.h(913,11): warning C4267: 'argument' : conversion de 'size_t' en 'int', perte possible de données
  (compiler le fichier source '../../addons/ofxGui/src/ofxSlider.cpp')
  
C:\Dev\openFrameworks\libs\openFrameworks\math\ofMatrix4x4.h(914,11): warning C4267: 'argument' : conversion de 'size_t' en 'int', perte possible de données
  (compiler le fichier source '../../addons/ofxGui/src/ofxSlider.cpp')
  
C:\Dev\openFrameworks\libs\openFrameworks\math\ofMatrix4x4.h(915,11): warning C4267: 'argument' : conversion de 'size_t' en 'int', perte possible de données
  (compiler le fichier source '../../addons/ofxGui/src/ofxSlider.cpp')
  
C:\Dev\openFrameworks\libs\openFrameworks\math\ofMatrix4x4.h(326,20): warning C4267: 'argument' : conversion de 'size_t' en 'int', perte possible de données
  (compiler le fichier source '../../addons/ofxGui/src/ofxColorPicker.cpp')
  
C:\Dev\openFrameworks\libs\openFrameworks\math\ofMatrix4x4.h(331,20): warning C4267: 'argument' : conversion de 'size_t' en 'int', perte possible de données
  (compiler le fichier source '../../addons/ofxGui/src/ofxColorPicker.cpp')
  
C:\Dev\openFrameworks\libs\openFrameworks\math\ofMatrix4x4.h(912,11): warning C4267: 'argument' : conversion de 'size_t' en 'int', perte possible de données
  (compiler le fichier source '../../addons/ofxGui/src/ofxColorPicker.cpp')
  
C:\Dev\openFrameworks\libs\openFrameworks\math\ofMatrix4x4.h(913,11): warning C4267: 'argument' : conversion de 'size_t' en 'int', perte possible de données
  (compiler le fichier source '../../addons/ofxGui/src/ofxColorPicker.cpp')
  
C:\Dev\openFrameworks\libs\openFrameworks\math\ofMatrix4x4.h(914,11): warning C4267: 'argument' : conversion de 'size_t' en 'int', perte possible de données
  (compiler le fichier source '../../addons/ofxGui/src/ofxColorPicker.cpp')
  
C:\Dev\openFrameworks\libs\openFrameworks\math\ofMatrix4x4.h(915,11): warning C4267: 'argument' : conversion de 'size_t' en 'int', perte possible de données
  (compiler le fichier source '../../addons/ofxGui/src/ofxColorPicker.cpp')
  
C:\Dev\openFrameworks\libs\openFrameworks\types\ofColor.h(27,10): warning C4244: 'initialisation' : conversion de 'float' en 'PixelType', perte possible de données
C:\Dev\openFrameworks\libs\openFrameworks\types\ofColor.h(27,10): warning C4244:         with
C:\Dev\openFrameworks\libs\openFrameworks\types\ofColor.h(27,10): warning C4244:         [
C:\Dev\openFrameworks\libs\openFrameworks\types\ofColor.h(27,10): warning C4244:             PixelType=unsigned char
C:\Dev\openFrameworks\libs\openFrameworks\types\ofColor.h(27,10): warning C4244:         ]
  (compiler le fichier source '../../addons/ofxGui/src/ofxColorPicker.cpp')
  C:\Dev\openFrameworks\libs\openFrameworks\types\ofColor.h(27,10):
  le contexte d’instanciation du modèle (le plus ancien) est
  	C:\Dev\openFrameworks\libs\openFrameworks\types\ofColor.h(691,1):
  	voir la référence à l'instanciation classe modèle 'ofColor_<unsigned char>' en cours de compilation
  	C:\Dev\openFrameworks\libs\openFrameworks\types\ofColor.h(26,5):
  	pendant la compilation de la fonction membre classe modèle 'ofColor_<unsigned char>::ofColor_(void)'
  		C:\Dev\openFrameworks\libs\openFrameworks\graphics\ofGraphicsBaseTypes.h(54,10):
  		voir la première référence à « ofColor_<unsigned char>::ofColor_ » dans « ofStyle::ofStyle »
  
C:\Dev\openFrameworks\libs\openFrameworks\types\ofColor.h(28,10): warning C4244: 'initialisation' : conversion de 'float' en 'PixelType', perte possible de données
C:\Dev\openFrameworks\libs\openFrameworks\types\ofColor.h(28,10): warning C4244:         with
C:\Dev\openFrameworks\libs\openFrameworks\types\ofColor.h(28,10): warning C4244:         [
C:\Dev\openFrameworks\libs\openFrameworks\types\ofColor.h(28,10): warning C4244:             PixelType=unsigned char
C:\Dev\openFrameworks\libs\openFrameworks\types\ofColor.h(28,10): warning C4244:         ]
  (compiler le fichier source '../../addons/ofxGui/src/ofxColorPicker.cpp')
  
C:\Dev\openFrameworks\libs\openFrameworks\types\ofColor.h(29,10): warning C4244: 'initialisation' : conversion de 'float' en 'PixelType', perte possible de données
C:\Dev\openFrameworks\libs\openFrameworks\types\ofColor.h(29,10): warning C4244:         with
C:\Dev\openFrameworks\libs\openFrameworks\types\ofColor.h(29,10): warning C4244:         [
C:\Dev\openFrameworks\libs\openFrameworks\types\ofColor.h(29,10): warning C4244:             PixelType=unsigned char
C:\Dev\openFrameworks\libs\openFrameworks\types\ofColor.h(29,10): warning C4244:         ]
  (compiler le fichier source '../../addons/ofxGui/src/ofxColorPicker.cpp')
  
C:\Dev\openFrameworks\libs\openFrameworks\types\ofColor.h(30,10): warning C4244: 'initialisation' : conversion de 'float' en 'PixelType', perte possible de données
C:\Dev\openFrameworks\libs\openFrameworks\types\ofColor.h(30,10): warning C4244:         with
C:\Dev\openFrameworks\libs\openFrameworks\types\ofColor.h(30,10): warning C4244:         [
C:\Dev\openFrameworks\libs\openFrameworks\types\ofColor.h(30,10): warning C4244:             PixelType=unsigned char
C:\Dev\openFrameworks\libs\openFrameworks\types\ofColor.h(30,10): warning C4244:         ]
  (compiler le fichier source '../../addons/ofxGui/src/ofxColorPicker.cpp')
  
C:\Dev\openFrameworks\addons\ofxGui\src\ofxColorPicker.cpp(215,44): warning C4267: 'argument' : conversion de 'size_t' en 'int', perte possible de données
  C:\Dev\openFrameworks\addons\ofxGui\src\ofxColorPicker.cpp(215,44):
  le contexte d’instanciation du modèle (le plus ancien) est
  	C:\Dev\openFrameworks\addons\ofxGui\src\ofxColorPicker.cpp(491,46):
  	voir la référence à l'instanciation classe modèle 'ofxColorPicker_<unsigned char>' en cours de compilation
  	C:\Dev\openFrameworks\addons\ofxGui\src\ofxColorPicker.cpp(194,51):
  	pendant la compilation de la fonction membre classe modèle 'ofMesh ofxColorPicker_<unsigned char>::getColorPoint(void)'
  		C:\Dev\openFrameworks\addons\ofxGui\src\ofxColorPicker.cpp(486,17):
  		voir la première référence à « ofxColorPicker_<unsigned char>::getColorPoint » dans « ofxColorPicker_<unsigned char>::generateDraw »
  
C:\Dev\openFrameworks\addons\ofxGui\src\ofxColorPicker.cpp(216,44): warning C4267: 'argument' : conversion de 'size_t' en 'int', perte possible de données
C:\Dev\openFrameworks\addons\ofxGui\src\ofxColorPicker.cpp(225,44): warning C4267: 'argument' : conversion de 'size_t' en 'int', perte possible de données
C:\Dev\openFrameworks\addons\ofxGui\src\ofxColorPicker.cpp(226,44): warning C4267: 'argument' : conversion de 'size_t' en 'int', perte possible de données
C:\Dev\openFrameworks\addons\ofxGui\src\ofxColorPicker.cpp(245,44): warning C4267: 'argument' : conversion de 'size_t' en 'int', perte possible de données
  C:\Dev\openFrameworks\addons\ofxGui\src\ofxColorPicker.cpp(245,44):
  le contexte d’instanciation du modèle (le plus ancien) est
  	C:\Dev\openFrameworks\addons\ofxGui\src\ofxColorPicker.cpp(236,52):
  	pendant la compilation de la fonction membre classe modèle 'ofMesh ofxColorPicker_<unsigned char>::getColorWheel(void)'
  		C:\Dev\openFrameworks\addons\ofxGui\src\ofxColorPicker.cpp(485,17):
  		voir la première référence à « ofxColorPicker_<unsigned char>::getColorWheel » dans « ofxColorPicker_<unsigned char>::generateDraw »
  
C:\Dev\openFrameworks\addons\ofxGui\src\ofxInputField.cpp(369,43): warning C4267: 'argument' : conversion de 'size_t' en 'int', perte possible de données
  C:\Dev\openFrameworks\addons\ofxGui\src\ofxInputField.cpp(369,43):
  le contexte d’instanciation du modèle (le plus ancien) est
  	C:\Dev\openFrameworks\addons\ofxGui\src\ofxInputField.cpp(804,36):
  	voir la référence à l'instanciation classe modèle 'ofxInputField<float>' en cours de compilation
  	C:\Dev\openFrameworks\addons\ofxGui\src\ofxInputField.cpp(351,65):
  	pendant la compilation de la fonction membre classe modèle 'bool ofxInputField<float>::mousePressed(ofMouseEventArgs &)'
  
C:\Dev\openFrameworks\addons\ofxGui\src\ofxColorPicker.cpp(246,44): warning C4267: 'argument' : conversion de 'size_t' en 'int', perte possible de données
C:\Dev\openFrameworks\addons\ofxGui\src\ofxInputField.cpp(530,42): warning C4267: 'argument' : conversion de 'size_t' en 'int', perte possible de données
  C:\Dev\openFrameworks\addons\ofxGui\src\ofxInputField.cpp(530,42):
  le contexte d’instanciation du modèle (le plus ancien) est
  	C:\Dev\openFrameworks\addons\ofxGui\src\ofxInputField.cpp(471,60):
  	pendant la compilation de la fonction membre classe modèle 'bool ofxInputField<float>::keyPressed(ofKeyEventArgs &)'
  
C:\Dev\openFrameworks\addons\ofxGui\src\ofxInputField.cpp(557,44): warning C4267: 'argument' : conversion de 'size_t' en 'int', perte possible de données
C:\Dev\openFrameworks\addons\ofxGui\src\ofxInputField.cpp(559,16): warning C4267: 'argument' : conversion de 'size_t' en 'int', perte possible de données
C:\Dev\openFrameworks\addons\ofxGui\src\ofxInputField.cpp(775,26): warning C4267: 'argument' : conversion de 'size_t' en 'int', perte possible de données
  C:\Dev\openFrameworks\addons\ofxGui\src\ofxInputField.cpp(775,26):
  le contexte d’instanciation du modèle (le plus ancien) est
  	C:\Dev\openFrameworks\addons\ofxGui\src\ofxInputField.cpp(772,53):
  	pendant la compilation de la fonction membre classe modèle 'void ofxInputField<float>::valueChanged(Type &)'
          with
          [
              Type=float
          ]
  		C:\Dev\openFrameworks\addons\ofxGui\src\ofxInputField.cpp(147,16):
  		voir la première référence à « ofxInputField<float>::valueChanged » dans « ofxInputField<float>::setup »
  		C:\Dev\openFrameworks\addons\ofxGui\src\ofxInputField.cpp(129,7):
  		voir la première référence à « ofxInputField<float>::setup » dans « ofxInputField<float>::ofxInputField »
  
C:\Dev\openFrameworks\libs\openFrameworks\graphics\ofPolyline.inl(409,69): warning C4267: '=' : conversion de 'size_t' en 'int', perte possible de données
  (compiler le fichier source '../../addons/ofxGui/src/ofxColorPicker.cpp')
  C:\Dev\openFrameworks\libs\openFrameworks\graphics\ofPolyline.inl(409,69):
  le contexte d’instanciation du modèle (le plus ancien) est
  	C:\Dev\openFrameworks\addons\ofxGui\src\ofxColorPicker.cpp(194,51):
  	pendant la compilation de la fonction membre classe modèle 'ofMesh ofxColorPicker_<unsigned char>::getColorPoint(void)'
  		C:\Dev\openFrameworks\addons\ofxGui\src\ofxColorPicker.cpp(486,17):
  		voir la première référence à « ofxColorPicker_<unsigned char>::getColorPoint » dans « ofxColorPicker_<unsigned char>::generateDraw »
  	C:\Dev\openFrameworks\libs\openFrameworks\graphics\ofPolyline.inl(331,145):
  	pendant la compilation de la fonction membre classe modèle 'void ofPolyline_<ofDefaultVertexType>::arc(const T &,float,float,float,float,bool,int)'
          with
          [
              T=ofDefaultVertexType
          ]
  
C:\Dev\openFrameworks\addons\ofxGui\src\ofxSliderGroup.cpp(25,41): warning C4267: 'argument' : conversion de 'size_t' en 'glm::vec<3,float,glm::packed_highp>::length_type', perte possible de données
  C:\Dev\openFrameworks\addons\ofxGui\src\ofxSliderGroup.cpp(25,41):
  le contexte d’instanciation du modèle (le plus ancien) est
  	C:\Dev\openFrameworks\addons\ofxGui\src\ofxSliderGroup.cpp(68,1):
  	voir la référence à l'instanciation classe modèle 'ofxVecSlider_<ofDefaultVec3>' en cours de compilation
  	C:\Dev\openFrameworks\addons\ofxGui\src\ofxSliderGroup.cpp(10,110):
  	pendant la compilation de la fonction membre classe modèle 'ofxVecSlider_<ofDefaultVec3> *ofxVecSlider_<ofDefaultVec3>::setup(ofParameter<ofDefaultVec3>,float,float)'
  		C:\Dev\openFrameworks\addons\ofxGui\src\ofxSliderGroup.cpp(6,10):
  		voir la première référence à « ofxVecSlider_<ofDefaultVec3>::setup » dans « ofxVecSlider_<ofDefaultVec3>::ofxVecSlider_ »
  
C:\Dev\openFrameworks\addons\ofxGui\src\ofxSliderGroup.cpp(25,49): warning C4267: 'argument' : conversion de 'size_t' en 'glm::vec<3,float,glm::packed_highp>::length_type', perte possible de données
C:\Dev\openFrameworks\addons\ofxGui\src\ofxSliderGroup.cpp(25,57): warning C4267: 'argument' : conversion de 'size_t' en 'glm::vec<3,float,glm::packed_highp>::length_type', perte possible de données
C:\Dev\openFrameworks\addons\ofxGui\src\ofxSliderGroup.cpp(58,54): warning C4267: 'argument' : conversion de 'size_t' en 'glm::vec<3,float,glm::packed_highp>::length_type', perte possible de données
  C:\Dev\openFrameworks\addons\ofxGui\src\ofxSliderGroup.cpp(58,54):
  le contexte d’instanciation du modèle (le plus ancien) est
  	C:\Dev\openFrameworks\addons\ofxGui\src\ofxSliderGroup.cpp(53,58):
  	pendant la compilation de la fonction membre classe modèle 'void ofxVecSlider_<ofDefaultVec3>::changeValue(VecType &)'
          with
          [
              VecType=ofDefaultVec3
          ]
  		C:\Dev\openFrameworks\addons\ofxGui\src\ofxSliderGroup.cpp(18,16):
  		voir la première référence à « ofxVecSlider_<ofDefaultVec3>::changeValue » dans « ofxVecSlider_<ofDefaultVec3>::setup »
  		C:\Dev\openFrameworks\addons\ofxGui\src\ofxSliderGroup.cpp(6,10):
  		voir la première référence à « ofxVecSlider_<ofDefaultVec3>::setup » dans « ofxVecSlider_<ofDefaultVec3>::ofxVecSlider_ »
  
C:\Dev\openFrameworks\libs\openFrameworks\types\ofColor.h(27,10): warning C4244: 'initialisation' : conversion de 'float' en 'PixelType', perte possible de données
C:\Dev\openFrameworks\libs\openFrameworks\types\ofColor.h(27,10): warning C4244:         with
C:\Dev\openFrameworks\libs\openFrameworks\types\ofColor.h(27,10): warning C4244:         [
C:\Dev\openFrameworks\libs\openFrameworks\types\ofColor.h(27,10): warning C4244:             PixelType=unsigned short
C:\Dev\openFrameworks\libs\openFrameworks\types\ofColor.h(27,10): warning C4244:         ]
  (compiler le fichier source '../../addons/ofxGui/src/ofxColorPicker.cpp')
  C:\Dev\openFrameworks\libs\openFrameworks\types\ofColor.h(27,10):
  le contexte d’instanciation du modèle (le plus ancien) est
  	C:\Dev\openFrameworks\libs\openFrameworks\types\ofColor.h(722,47):
  	voir la référence à l'instanciation classe modèle 'ofColor_<unsigned short>' en cours de compilation
  	C:\Dev\openFrameworks\libs\openFrameworks\types\ofColor.h(26,5):
  	pendant la compilation de la fonction membre classe modèle 'ofColor_<unsigned short>::ofColor_(void)'
  		C:\Dev\openFrameworks\addons\ofxGui\src\ofxColorPicker.cpp(59,22):
  		voir la première référence à « ofColor_<unsigned short>::ofColor_ » dans « `anonymous-namespace'::getCircularColor »
  
C:\Dev\openFrameworks\libs\openFrameworks\types\ofColor.h(28,10): warning C4244: 'initialisation' : conversion de 'float' en 'PixelType', perte possible de données
C:\Dev\openFrameworks\libs\openFrameworks\types\ofColor.h(28,10): warning C4244:         with
C:\Dev\openFrameworks\libs\openFrameworks\types\ofColor.h(28,10): warning C4244:         [
C:\Dev\openFrameworks\libs\openFrameworks\types\ofColor.h(28,10): warning C4244:             PixelType=unsigned short
C:\Dev\openFrameworks\libs\openFrameworks\types\ofColor.h(28,10): warning C4244:         ]
  (compiler le fichier source '../../addons/ofxGui/src/ofxColorPicker.cpp')
  
C:\Dev\openFrameworks\libs\openFrameworks\types\ofColor.h(29,10): warning C4244: 'initialisation' : conversion de 'float' en 'PixelType', perte possible de données
C:\Dev\openFrameworks\libs\openFrameworks\types\ofColor.h(29,10): warning C4244:         with
C:\Dev\openFrameworks\libs\openFrameworks\types\ofColor.h(29,10): warning C4244:         [
C:\Dev\openFrameworks\libs\openFrameworks\types\ofColor.h(29,10): warning C4244:             PixelType=unsigned short
C:\Dev\openFrameworks\libs\openFrameworks\types\ofColor.h(29,10): warning C4244:         ]
  (compiler le fichier source '../../addons/ofxGui/src/ofxColorPicker.cpp')
  
C:\Dev\openFrameworks\libs\openFrameworks\types\ofColor.h(30,10): warning C4244: 'initialisation' : conversion de 'float' en 'PixelType', perte possible de données
C:\Dev\openFrameworks\libs\openFrameworks\types\ofColor.h(30,10): warning C4244:         with
C:\Dev\openFrameworks\libs\openFrameworks\types\ofColor.h(30,10): warning C4244:         [
C:\Dev\openFrameworks\libs\openFrameworks\types\ofColor.h(30,10): warning C4244:             PixelType=unsigned short
C:\Dev\openFrameworks\libs\openFrameworks\types\ofColor.h(30,10): warning C4244:         ]
  (compiler le fichier source '../../addons/ofxGui/src/ofxColorPicker.cpp')
  
C:\Dev\openFrameworks\addons\ofxGui\src\ofxSliderGroup.cpp(25,41): warning C4267: 'argument' : conversion de 'size_t' en 'glm::vec<2,float,glm::packed_highp>::length_type', perte possible de données
  C:\Dev\openFrameworks\addons\ofxGui\src\ofxSliderGroup.cpp(25,41):
  le contexte d’instanciation du modèle (le plus ancien) est
  	C:\Dev\openFrameworks\addons\ofxGui\src\ofxSliderGroup.cpp(63,1):
  	voir la référence à l'instanciation classe modèle 'ofxVecSlider_<ofDefaultVec2>' en cours de compilation
  	C:\Dev\openFrameworks\addons\ofxGui\src\ofxSliderGroup.cpp(10,110):
  	pendant la compilation de la fonction membre classe modèle 'ofxVecSlider_<ofDefaultVec2> *ofxVecSlider_<ofDefaultVec2>::setup(ofParameter<ofDefaultVec2>,float,float)'
  		C:\Dev\openFrameworks\addons\ofxGui\src\ofxSliderGroup.cpp(6,10):
  		voir la première référence à « ofxVecSlider_<ofDefaultVec2>::setup » dans « ofxVecSlider_<ofDefaultVec2>::ofxVecSlider_ »
  
C:\Dev\openFrameworks\addons\ofxGui\src\ofxSliderGroup.cpp(25,49): warning C4267: 'argument' : conversion de 'size_t' en 'glm::vec<2,float,glm::packed_highp>::length_type', perte possible de données
C:\Dev\openFrameworks\addons\ofxGui\src\ofxSliderGroup.cpp(25,57): warning C4267: 'argument' : conversion de 'size_t' en 'glm::vec<2,float,glm::packed_highp>::length_type', perte possible de données
C:\Dev\openFrameworks\addons\ofxGui\src\ofxSliderGroup.cpp(58,54): warning C4267: 'argument' : conversion de 'size_t' en 'glm::vec<2,float,glm::packed_highp>::length_type', perte possible de données
  C:\Dev\openFrameworks\addons\ofxGui\src\ofxSliderGroup.cpp(58,54):
  le contexte d’instanciation du modèle (le plus ancien) est
  	C:\Dev\openFrameworks\addons\ofxGui\src\ofxSliderGroup.cpp(53,58):
  	pendant la compilation de la fonction membre classe modèle 'void ofxVecSlider_<ofDefaultVec2>::changeValue(VecType &)'
          with
          [
              VecType=ofDefaultVec2
          ]
  		C:\Dev\openFrameworks\addons\ofxGui\src\ofxSliderGroup.cpp(18,16):
  		voir la première référence à « ofxVecSlider_<ofDefaultVec2>::changeValue » dans « ofxVecSlider_<ofDefaultVec2>::setup »
  		C:\Dev\openFrameworks\addons\ofxGui\src\ofxSliderGroup.cpp(6,10):
  		voir la première référence à « ofxVecSlider_<ofDefaultVec2>::setup » dans « ofxVecSlider_<ofDefaultVec2>::ofxVecSlider_ »
  
C:\Dev\openFrameworks\addons\ofxGui\src\ofxSliderGroup.cpp(25,41): warning C4267: 'argument' : conversion de 'size_t' en 'glm::vec<4,float,glm::packed_highp>::length_type', perte possible de données
  C:\Dev\openFrameworks\addons\ofxGui\src\ofxSliderGroup.cpp(25,41):
  le contexte d’instanciation du modèle (le plus ancien) est
  	C:\Dev\openFrameworks\addons\ofxGui\src\ofxSliderGroup.cpp(73,1):
  	voir la référence à l'instanciation classe modèle 'ofxVecSlider_<ofDefaultVec4>' en cours de compilation
  	C:\Dev\openFrameworks\addons\ofxGui\src\ofxSliderGroup.cpp(10,110):
  	pendant la compilation de la fonction membre classe modèle 'ofxVecSlider_<ofDefaultVec4> *ofxVecSlider_<ofDefaultVec4>::setup(ofParameter<ofDefaultVec4>,float,float)'
  		C:\Dev\openFrameworks\addons\ofxGui\src\ofxSliderGroup.cpp(6,10):
  		voir la première référence à « ofxVecSlider_<ofDefaultVec4>::setup » dans « ofxVecSlider_<ofDefaultVec4>::ofxVecSlider_ »
  
C:\Dev\openFrameworks\addons\ofxGui\src\ofxSliderGroup.cpp(25,49): warning C4267: 'argument' : conversion de 'size_t' en 'glm::vec<4,float,glm::packed_highp>::length_type', perte possible de données
C:\Dev\openFrameworks\addons\ofxGui\src\ofxSliderGroup.cpp(25,57): warning C4267: 'argument' : conversion de 'size_t' en 'glm::vec<4,float,glm::packed_highp>::length_type', perte possible de données
C:\Dev\openFrameworks\addons\ofxGui\src\ofxSliderGroup.cpp(58,54): warning C4267: 'argument' : conversion de 'size_t' en 'glm::vec<4,float,glm::packed_highp>::length_type', perte possible de données
  C:\Dev\openFrameworks\addons\ofxGui\src\ofxSliderGroup.cpp(58,54):
  le contexte d’instanciation du modèle (le plus ancien) est
  	C:\Dev\openFrameworks\addons\ofxGui\src\ofxSliderGroup.cpp(53,58):
  	pendant la compilation de la fonction membre classe modèle 'void ofxVecSlider_<ofDefaultVec4>::changeValue(VecType &)'
          with
          [
              VecType=ofDefaultVec4
          ]
  		C:\Dev\openFrameworks\addons\ofxGui\src\ofxSliderGroup.cpp(18,16):
  		voir la première référence à « ofxVecSlider_<ofDefaultVec4>::changeValue » dans « ofxVecSlider_<ofDefaultVec4>::setup »
  		C:\Dev\openFrameworks\addons\ofxGui\src\ofxSliderGroup.cpp(6,10):
  		voir la première référence à « ofxVecSlider_<ofDefaultVec4>::setup » dans « ofxVecSlider_<ofDefaultVec4>::ofxVecSlider_ »
  
C:\Dev\openFrameworks\addons\ofxGui\src\ofxSliderGroup.cpp(25,41): warning C4267: 'argument' : conversion de 'size_t' en 'int', perte possible de données
  C:\Dev\openFrameworks\addons\ofxGui\src\ofxSliderGroup.cpp(25,41):
  le contexte d’instanciation du modèle (le plus ancien) est
  	C:\Dev\openFrameworks\addons\ofxGui\src\ofxSliderGroup.cpp(78,1):
  	voir la référence à l'instanciation classe modèle 'ofxVecSlider_<ofVec2f>' en cours de compilation
  	C:\Dev\openFrameworks\addons\ofxGui\src\ofxSliderGroup.cpp(10,110):
  	pendant la compilation de la fonction membre classe modèle 'ofxVecSlider_<ofVec2f> *ofxVecSlider_<ofVec2f>::setup(ofParameter<ofVec2f>,float,float)'
  		C:\Dev\openFrameworks\addons\ofxGui\src\ofxSliderGroup.cpp(6,10):
  		voir la première référence à « ofxVecSlider_<ofVec2f>::setup » dans « ofxVecSlider_<ofVec2f>::ofxVecSlider_ »
  
C:\Dev\openFrameworks\addons\ofxGui\src\ofxSliderGroup.cpp(25,49): warning C4267: 'argument' : conversion de 'size_t' en 'int', perte possible de données
C:\Dev\openFrameworks\addons\ofxGui\src\ofxSliderGroup.cpp(25,57): warning C4267: 'argument' : conversion de 'size_t' en 'int', perte possible de données
C:\Dev\openFrameworks\addons\ofxGui\src\ofxSliderGroup.cpp(58,54): warning C4267: 'argument' : conversion de 'size_t' en 'int', perte possible de données
  C:\Dev\openFrameworks\addons\ofxGui\src\ofxSliderGroup.cpp(58,54):
  le contexte d’instanciation du modèle (le plus ancien) est
  	C:\Dev\openFrameworks\addons\ofxGui\src\ofxSliderGroup.cpp(53,58):
  	pendant la compilation de la fonction membre classe modèle 'void ofxVecSlider_<ofVec2f>::changeValue(VecType &)'
          with
          [
              VecType=ofVec2f
          ]
  		C:\Dev\openFrameworks\addons\ofxGui\src\ofxSliderGroup.cpp(18,16):
  		voir la première référence à « ofxVecSlider_<ofVec2f>::changeValue » dans « ofxVecSlider_<ofVec2f>::setup »
  		C:\Dev\openFrameworks\addons\ofxGui\src\ofxSliderGroup.cpp(6,10):
  		voir la première référence à « ofxVecSlider_<ofVec2f>::setup » dans « ofxVecSlider_<ofVec2f>::ofxVecSlider_ »
  
C:\Dev\openFrameworks\libs\openFrameworks\types\ofColor.h(552,14): warning C4244: '=' : conversion de 'int' en 'PixelType', perte possible de données
C:\Dev\openFrameworks\libs\openFrameworks\types\ofColor.h(552,14): warning C4244:         with
C:\Dev\openFrameworks\libs\openFrameworks\types\ofColor.h(552,14): warning C4244:         [
C:\Dev\openFrameworks\libs\openFrameworks\types\ofColor.h(552,14): warning C4244:             PixelType=float
C:\Dev\openFrameworks\libs\openFrameworks\types\ofColor.h(552,14): warning C4244:         ]
  (compiler le fichier source '../../addons/ofxGui/src/ofxColorPicker.cpp')
  C:\Dev\openFrameworks\libs\openFrameworks\types\ofColor.h(552,14):
  le contexte d’instanciation du modèle (le plus ancien) est
  	C:\Dev\openFrameworks\libs\openFrameworks\types\ofColor.h(686,1):
  	voir la référence à l'instanciation classe modèle 'ofColor_<float>' en cours de compilation
  	C:\Dev\openFrameworks\libs\openFrameworks\types\ofColor.h(548,23):
  	pendant la compilation de la fonction membre classe modèle 'std::istream &operator >>(std::istream &,ofColor_<float> &)'
  		C:\Dev\openFrameworks\libs\openFrameworks\utils\ofUtils.h(746,5):
  		voir la première référence à « operator >> » dans « ofFromString »
  
C:\Dev\openFrameworks\libs\openFrameworks\types\ofColor.h(555,14): warning C4244: '=' : conversion de 'int' en 'PixelType', perte possible de données
C:\Dev\openFrameworks\libs\openFrameworks\types\ofColor.h(555,14): warning C4244:         with
C:\Dev\openFrameworks\libs\openFrameworks\types\ofColor.h(555,14): warning C4244:         [
C:\Dev\openFrameworks\libs\openFrameworks\types\ofColor.h(555,14): warning C4244:             PixelType=float
C:\Dev\openFrameworks\libs\openFrameworks\types\ofColor.h(555,14): warning C4244:         ]
  (compiler le fichier source '../../addons/ofxGui/src/ofxColorPicker.cpp')
  
C:\Dev\openFrameworks\libs\openFrameworks\types\ofColor.h(558,14): warning C4244: '=' : conversion de 'int' en 'PixelType', perte possible de données
C:\Dev\openFrameworks\libs\openFrameworks\types\ofColor.h(558,14): warning C4244:         with
C:\Dev\openFrameworks\libs\openFrameworks\types\ofColor.h(558,14): warning C4244:         [
C:\Dev\openFrameworks\libs\openFrameworks\types\ofColor.h(558,14): warning C4244:             PixelType=float
C:\Dev\openFrameworks\libs\openFrameworks\types\ofColor.h(558,14): warning C4244:         ]
  (compiler le fichier source '../../addons/ofxGui/src/ofxColorPicker.cpp')
  
C:\Dev\openFrameworks\libs\openFrameworks\types\ofColor.h(561,14): warning C4244: '=' : conversion de 'int' en 'PixelType', perte possible de données
C:\Dev\openFrameworks\libs\openFrameworks\types\ofColor.h(561,14): warning C4244:         with
C:\Dev\openFrameworks\libs\openFrameworks\types\ofColor.h(561,14): warning C4244:         [
C:\Dev\openFrameworks\libs\openFrameworks\types\ofColor.h(561,14): warning C4244:             PixelType=float
C:\Dev\openFrameworks\libs\openFrameworks\types\ofColor.h(561,14): warning C4244:         ]
  (compiler le fichier source '../../addons/ofxGui/src/ofxColorPicker.cpp')
  
LINK : warning LNK4075: ' /INCREMENTAL' ignoré à cause de la spécification '/FORCE'
pugixmld.lib(pugixml.obj) : warning LNK4006: "public: __cdecl pugi::xml_attribute::xml_attribute(void)" (??0xml_attribute@pugi@@QEAA@XZ) déjà défini dans assimp64d.lib(ImporterRegistry.obj) ; seconde définition ignorée
pugixmld.lib(pugixml.obj) : warning LNK4006: "public: __cdecl pugi::xml_attribute::xml_attribute(struct pugi::xml_attribute_struct *)" (??0xml_attribute@pugi@@QEAA@PEAUxml_attribute_struct@1@@Z) déjà défini dans assimp64d.lib(AMFImporter.obj) ; seconde définition ignorée
pugixmld.lib(pugixml.obj) : warning LNK4006: "public: __cdecl pugi::xml_attribute::operator void (__cdecl*)(class pugi::xml_attribute * * *)(void)const " (??Bxml_attribute@pugi@@QEBAP6AXPEAPEAPEAV01@@ZXZ) déjà défini dans assimp64d.lib(ColladaParser.obj) ; seconde définition ignorée
pugixmld.lib(pugixml.obj) : warning LNK4006: "public: bool __cdecl pugi::xml_attribute::empty(void)const " (?empty@xml_attribute@pugi@@QEBA_NXZ) déjà défini dans assimp64d.lib(XGLLoader.obj) ; seconde définition ignorée
pugixmld.lib(pugixml.obj) : warning LNK4006: "public: char const * __cdecl pugi::xml_attribute::name(void)const " (?name@xml_attribute@pugi@@QEBAPEBDXZ) déjà défini dans assimp64d.lib(IRRMeshLoader.obj) ; seconde définition ignorée
pugixmld.lib(pugixml.obj) : warning LNK4006: "public: char const * __cdecl pugi::xml_attribute::value(void)const " (?value@xml_attribute@pugi@@QEBAPEBDXZ) déjà défini dans assimp64d.lib(IRRShared.obj) ; seconde définition ignorée
pugixmld.lib(pugixml.obj) : warning LNK4006: "public: char const * __cdecl pugi::xml_attribute::as_string(char const *)const " (?as_string@xml_attribute@pugi@@QEBAPEBDPEBD@Z) déjà défini dans assimp64d.lib(AMFImporter.obj) ; seconde définition ignorée
pugixmld.lib(pugixml.obj) : warning LNK4006: "public: int __cdecl pugi::xml_attribute::as_int(int)const " (?as_int@xml_attribute@pugi@@QEBAHH@Z) déjà défini dans assimp64d.lib(IRRMeshLoader.obj) ; seconde définition ignorée
pugixmld.lib(pugixml.obj) : warning LNK4006: "public: unsigned int __cdecl pugi::xml_attribute::as_uint(unsigned int)const " (?as_uint@xml_attribute@pugi@@QEBAII@Z) déjà défini dans assimp64d.lib(AMFImporter_Material.obj) ; seconde définition ignorée
pugixmld.lib(pugixml.obj) : warning LNK4006: "public: float __cdecl pugi::xml_attribute::as_float(float)const " (?as_float@xml_attribute@pugi@@QEBAMM@Z) déjà défini dans assimp64d.lib(AMFImporter_Material.obj) ; seconde définition ignorée
pugixmld.lib(pugixml.obj) : warning LNK4006: "public: bool __cdecl pugi::xml_attribute::as_bool(bool)const " (?as_bool@xml_attribute@pugi@@QEBA_N_N@Z) déjà défini dans assimp64d.lib(AMFImporter_Material.obj) ; seconde définition ignorée
pugixmld.lib(pugixml.obj) : warning LNK4006: "public: __cdecl pugi::xml_node::xml_node(void)" (??0xml_node@pugi@@QEAA@XZ) déjà défini dans assimp64d.lib(ImporterRegistry.obj) ; seconde définition ignorée
pugixmld.lib(pugixml.obj) : warning LNK4006: "public: __cdecl pugi::xml_node::xml_node(struct pugi::xml_node_struct *)" (??0xml_node@pugi@@QEAA@PEAUxml_node_struct@1@@Z) déjà défini dans assimp64d.lib(AMFImporter.obj) ; seconde définition ignorée
pugixmld.lib(pugixml.obj) : warning LNK4006: "public: __cdecl pugi::xml_node::operator void (__cdecl*)(class pugi::xml_node * * *)(void)const " (??Bxml_node@pugi@@QEBAP6AXPEAPEAPEAV01@@ZXZ) déjà défini dans assimp64d.lib(AMFImporter.obj) ; seconde définition ignorée
pugixmld.lib(pugixml.obj) : warning LNK4006: "public: bool __cdecl pugi::xml_node::operator!(void)const " (??7xml_node@pugi@@QEBA_NXZ) déjà défini dans assimp64d.lib(AMFImporter.obj) ; seconde définition ignorée
pugixmld.lib(pugixml.obj) : warning LNK4006: "public: bool __cdecl pugi::xml_node::operator!=(class pugi::xml_node const &)const " (??9xml_node@pugi@@QEBA_NAEBV01@@Z) déjà défini dans assimp64d.lib(ColladaParser.obj) ; seconde définition ignorée
pugixmld.lib(pugixml.obj) : warning LNK4006: "public: bool __cdecl pugi::xml_node::empty(void)const " (?empty@xml_node@pugi@@QEBA_NXZ) déjà défini dans assimp64d.lib(AMFImporter.obj) ; seconde définition ignorée
pugixmld.lib(pugixml.obj) : warning LNK4006: "public: enum pugi::xml_node_type __cdecl pugi::xml_node::type(void)const " (?type@xml_node@pugi@@QEBA?AW4xml_node_type@2@XZ) déjà défini dans assimp64d.lib(IRRMeshLoader.obj) ; seconde définition ignorée
pugixmld.lib(pugixml.obj) : warning LNK4006: "public: char const * __cdecl pugi::xml_node::name(void)const " (?name@xml_node@pugi@@QEBAPEBDXZ) déjà défini dans assimp64d.lib(AMFImporter.obj) ; seconde définition ignorée
pugixmld.lib(pugixml.obj) : warning LNK4006: "public: char const * __cdecl pugi::xml_node::value(void)const " (?value@xml_node@pugi@@QEBAPEBDXZ) déjà défini dans assimp64d.lib(X3DImporter.obj) ; seconde définition ignorée
pugixmld.lib(pugixml.obj) : warning LNK4006: "public: class pugi::xml_node __cdecl pugi::xml_node::first_child(void)const " (?first_child@xml_node@pugi@@QEBA?AV12@XZ) déjà défini dans assimp64d.lib(AMFImporter.obj) ; seconde définition ignorée
pugixmld.lib(pugixml.obj) : warning LNK4006: "public: class pugi::xml_node __cdecl pugi::xml_node::next_sibling(void)const " (?next_sibling@xml_node@pugi@@QEBA?AV12@XZ) déjà défini dans assimp64d.lib(AMFImporter.obj) ; seconde définition ignorée
pugixmld.lib(pugixml.obj) : warning LNK4006: "public: class pugi::xml_node __cdecl pugi::xml_node::parent(void)const " (?parent@xml_node@pugi@@QEBA?AV12@XZ) déjà défini dans assimp64d.lib(AMFImporter.obj) ; seconde définition ignorée
pugixmld.lib(pugixml.obj) : warning LNK4006: "public: class pugi::xml_node __cdecl pugi::xml_node::root(void)const " (?root@xml_node@pugi@@QEBA?AV12@XZ) déjà défini dans assimp64d.lib(IRRMeshLoader.obj) ; seconde définition ignorée
pugixmld.lib(pugixml.obj) : warning LNK4006: "public: class pugi::xml_text __cdecl pugi::xml_node::text(void)const " (?text@xml_node@pugi@@QEBA?AVxml_text@2@XZ) déjà défini dans assimp64d.lib(AMFImporter.obj) ; seconde définition ignorée
pugixmld.lib(pugixml.obj) : warning LNK4006: "public: class pugi::xml_node __cdecl pugi::xml_node::child(char const *)const " (?child@xml_node@pugi@@QEBA?AV12@PEBD@Z) déjà défini dans assimp64d.lib(XGLLoader.obj) ; seconde définition ignorée
pugixmld.lib(pugixml.obj) : warning LNK4006: "public: class pugi::xml_attribute __cdecl pugi::xml_node::attribute(char const *)const " (?attribute@xml_node@pugi@@QEBA?AVxml_attribute@2@PEBD@Z) déjà défini dans assimp64d.lib(AMFImporter.obj) ; seconde définition ignorée
pugixmld.lib(pugixml.obj) : warning LNK4006: "public: class pugi::xml_node __cdecl pugi::xml_node::next_sibling(char const *)const " (?next_sibling@xml_node@pugi@@QEBA?AV12@PEBD@Z) déjà défini dans assimp64d.lib(OgreXmlSerializer.obj) ; seconde définition ignorée
pugixmld.lib(pugixml.obj) : warning LNK4006: "public: char const * __cdecl pugi::xml_node::child_value(void)const " (?child_value@xml_node@pugi@@QEBAPEBDXZ) déjà défini dans assimp64d.lib(IRRMeshLoader.obj) ; seconde définition ignorée
pugixmld.lib(pugixml.obj) : warning LNK4006: "public: class pugi::xml_node_iterator __cdecl pugi::xml_node::begin(void)const " (?begin@xml_node@pugi@@QEBA?AVxml_node_iterator@2@XZ) déjà défini dans assimp64d.lib(AMFImporter.obj) ; seconde définition ignorée
pugixmld.lib(pugixml.obj) : warning LNK4006: "public: class pugi::xml_node_iterator __cdecl pugi::xml_node::end(void)const " (?end@xml_node@pugi@@QEBA?AVxml_node_iterator@2@XZ) déjà défini dans assimp64d.lib(AMFImporter.obj) ; seconde définition ignorée
pugixmld.lib(pugixml.obj) : warning LNK4006: "public: class pugi::xml_attribute_iterator __cdecl pugi::xml_node::attributes_begin(void)const " (?attributes_begin@xml_node@pugi@@QEBA?AVxml_attribute_iterator@2@XZ) déjà défini dans assimp64d.lib(XGLLoader.obj) ; seconde définition ignorée
pugixmld.lib(pugixml.obj) : warning LNK4006: "public: class pugi::xml_attribute_iterator __cdecl pugi::xml_node::attributes_end(void)const " (?attributes_end@xml_node@pugi@@QEBA?AVxml_attribute_iterator@2@XZ) déjà défini dans assimp64d.lib(XGLLoader.obj) ; seconde définition ignorée
pugixmld.lib(pugixml.obj) : warning LNK4006: "public: class pugi::xml_object_range<class pugi::xml_node_iterator> __cdecl pugi::xml_node::children(void)const " (?children@xml_node@pugi@@QEBA?AV?$xml_object_range@Vxml_node_iterator@pugi@@@2@XZ) déjà défini dans assimp64d.lib(AMFImporter.obj) ; seconde définition ignorée
pugixmld.lib(pugixml.obj) : warning LNK4006: "public: class pugi::xml_object_range<class pugi::xml_named_node_iterator> __cdecl pugi::xml_node::children(char const *)const " (?children@xml_node@pugi@@QEBA?AV?$xml_object_range@Vxml_named_node_iterator@pugi@@@2@PEBD@Z) déjà défini dans assimp64d.lib(OgreXmlSerializer.obj) ; seconde définition ignorée
pugixmld.lib(pugixml.obj) : warning LNK4006: "public: class pugi::xml_object_range<class pugi::xml_attribute_iterator> __cdecl pugi::xml_node::attributes(void)const " (?attributes@xml_node@pugi@@QEBA?AV?$xml_object_range@Vxml_attribute_iterator@pugi@@@2@XZ) déjà défini dans assimp64d.lib(XGLLoader.obj) ; seconde définition ignorée
pugixmld.lib(pugixml.obj) : warning LNK4006: "private: __cdecl pugi::xml_text::xml_text(struct pugi::xml_node_struct *)" (??0xml_text@pugi@@AEAA@PEAUxml_node_struct@1@@Z) déjà défini dans assimp64d.lib(AMFImporter.obj) ; seconde définition ignorée
pugixmld.lib(pugixml.obj) : warning LNK4006: "private: struct pugi::xml_node_struct * __cdecl pugi::xml_text::_data(void)const " (?_data@xml_text@pugi@@AEBAPEAUxml_node_struct@2@XZ) déjà défini dans assimp64d.lib(AMFImporter.obj) ; seconde définition ignorée
pugixmld.lib(pugixml.obj) : warning LNK4006: "public: char const * __cdecl pugi::xml_text::as_string(char const *)const " (?as_string@xml_text@pugi@@QEBAPEBDPEBD@Z) déjà défini dans assimp64d.lib(AMFImporter.obj) ; seconde définition ignorée
pugixmld.lib(pugixml.obj) : warning LNK4006: "public: float __cdecl pugi::xml_text::as_float(float)const " (?as_float@xml_text@pugi@@QEBAMM@Z) déjà défini dans assimp64d.lib(AMFImporter.obj) ; seconde définition ignorée
pugixmld.lib(pugixml.obj) : warning LNK4006: "public: bool __cdecl pugi::xml_text::as_bool(bool)const " (?as_bool@xml_text@pugi@@QEBA_N_N@Z) déjà défini dans assimp64d.lib(ColladaParser.obj) ; seconde définition ignorée
pugixmld.lib(pugixml.obj) : warning LNK4006: "private: __cdecl pugi::xml_node_iterator::xml_node_iterator(struct pugi::xml_node_struct *,struct pugi::xml_node_struct *)" (??0xml_node_iterator@pugi@@AEAA@PEAUxml_node_struct@1@0@Z) déjà défini dans assimp64d.lib(AMFImporter.obj) ; seconde définition ignorée
pugixmld.lib(pugixml.obj) : warning LNK4006: "public: bool __cdecl pugi::xml_node_iterator::operator==(class pugi::xml_node_iterator const &)const " (??8xml_node_iterator@pugi@@QEBA_NAEBV01@@Z) déjà défini dans assimp64d.lib(AMFImporter.obj) ; seconde définition ignorée
pugixmld.lib(pugixml.obj) : warning LNK4006: "public: bool __cdecl pugi::xml_node_iterator::operator!=(class pugi::xml_node_iterator const &)const " (??9xml_node_iterator@pugi@@QEBA_NAEBV01@@Z) déjà défini dans assimp64d.lib(AMFImporter.obj) ; seconde définition ignorée
pugixmld.lib(pugixml.obj) : warning LNK4006: "public: class pugi::xml_node & __cdecl pugi::xml_node_iterator::operator*(void)const " (??Dxml_node_iterator@pugi@@QEBAAEAVxml_node@1@XZ) déjà défini dans assimp64d.lib(AMFImporter.obj) ; seconde définition ignorée
pugixmld.lib(pugixml.obj) : warning LNK4006: "private: __cdecl pugi::xml_attribute_iterator::xml_attribute_iterator(struct pugi::xml_attribute_struct *,struct pugi::xml_node_struct *)" (??0xml_attribute_iterator@pugi@@AEAA@PEAUxml_attribute_struct@1@PEAUxml_node_struct@1@@Z) déjà défini dans assimp64d.lib(XGLLoader.obj) ; seconde définition ignorée
pugixmld.lib(pugixml.obj) : warning LNK4006: "public: bool __cdecl pugi::xml_attribute_iterator::operator!=(class pugi::xml_attribute_iterator const &)const " (??9xml_attribute_iterator@pugi@@QEBA_NAEBV01@@Z) déjà défini dans assimp64d.lib(XGLLoader.obj) ; seconde définition ignorée
pugixmld.lib(pugixml.obj) : warning LNK4006: "public: class pugi::xml_attribute & __cdecl pugi::xml_attribute_iterator::operator*(void)const " (??Dxml_attribute_iterator@pugi@@QEBAAEAVxml_attribute@1@XZ) déjà défini dans assimp64d.lib(XGLLoader.obj) ; seconde définition ignorée
pugixmld.lib(pugixml.obj) : warning LNK4006: "public: bool __cdecl pugi::xml_named_node_iterator::operator!=(class pugi::xml_named_node_iterator const &)const " (??9xml_named_node_iterator@pugi@@QEBA_NAEBV01@@Z) déjà défini dans assimp64d.lib(OgreXmlSerializer.obj) ; seconde définition ignorée
pugixmld.lib(pugixml.obj) : warning LNK4006: "public: class pugi::xml_node & __cdecl pugi::xml_named_node_iterator::operator*(void)const " (??Dxml_named_node_iterator@pugi@@QEBAAEAVxml_node@1@XZ) déjà défini dans assimp64d.lib(OgreXmlSerializer.obj) ; seconde définition ignorée
pugixmld.lib(pugixml.obj) : warning LNK4006: "private: __cdecl pugi::xml_named_node_iterator::xml_named_node_iterator(struct pugi::xml_node_struct *,struct pugi::xml_node_struct *,char const *)" (??0xml_named_node_iterator@pugi@@AEAA@PEAUxml_node_struct@1@0PEBD@Z) déjà défini dans assimp64d.lib(OgreXmlSerializer.obj) ; seconde définition ignorée
pugixmld.lib(pugixml.obj) : warning LNK4006: "public: __cdecl pugi::xml_parse_result::xml_parse_result(void)" (??0xml_parse_result@pugi@@QEAA@XZ) déjà défini dans assimp64d.lib(AMFImporter.obj) ; seconde définition ignorée
pugixmld.lib(pugixml.obj) : warning LNK4006: "public: __cdecl pugi::xml_parse_result::operator bool(void)const " (??Bxml_parse_result@pugi@@QEBA_NXZ) déjà défini dans assimp64d.lib(AMFImporter.obj) ; seconde définition ignorée
pugixmld.lib(pugixml.obj) : warning LNK4006: "public: char const * __cdecl pugi::xml_parse_result::description(void)const " (?description@xml_parse_result@pugi@@QEBAPEBDXZ) déjà défini dans assimp64d.lib(AMFImporter.obj) ; seconde définition ignorée
pugixmld.lib(pugixml.obj) : warning LNK4006: "private: void __cdecl pugi::xml_document::_create(void)" (?_create@xml_document@pugi@@AEAAXXZ) déjà défini dans assimp64d.lib(AMFImporter.obj) ; seconde définition ignorée
pugixmld.lib(pugixml.obj) : warning LNK4006: "private: void __cdecl pugi::xml_document::_destroy(void)" (?_destroy@xml_document@pugi@@AEAAXXZ) déjà défini dans assimp64d.lib(AMFImporter.obj) ; seconde définition ignorée
pugixmld.lib(pugixml.obj) : warning LNK4006: "public: __cdecl pugi::xml_document::xml_document(void)" (??0xml_document@pugi@@QEAA@XZ) déjà défini dans assimp64d.lib(AMFImporter.obj) ; seconde définition ignorée
pugixmld.lib(pugixml.obj) : warning LNK4006: "public: __cdecl pugi::xml_document::~xml_document(void)" (??1xml_document@pugi@@QEAA@XZ) déjà défini dans assimp64d.lib(AMFImporter.obj) ; seconde définition ignorée
pugixmld.lib(pugixml.obj) : warning LNK4006: "public: void __cdecl pugi::xml_document::reset(void)" (?reset@xml_document@pugi@@QEAAXXZ) déjà défini dans assimp64d.lib(AMFImporter.obj) ; seconde définition ignorée
pugixmld.lib(pugixml.obj) : warning LNK4006: "public: struct pugi::xml_parse_result __cdecl pugi::xml_document::load_string(char const *,unsigned int)" (?load_string@xml_document@pugi@@QEAA?AUxml_parse_result@2@PEBDI@Z) déjà défini dans assimp64d.lib(AMFImporter.obj) ; seconde définition ignorée
pugixmld.lib(pugixml.obj) : warning LNK4006: "public: struct pugi::xml_parse_result __cdecl pugi::xml_document::load_buffer(void const *,unsigned __int64,unsigned int,enum pugi::xml_encoding)" (?load_buffer@xml_document@pugi@@QEAA?AUxml_parse_result@2@PEBX_KIW4xml_encoding@2@@Z) déjà défini dans assimp64d.lib(AMFImporter.obj) ; seconde définition ignorée
pugixmld.lib(pugixml.obj) : warning LNK4006: "public: __cdecl pugi::xpath_node::xpath_node(void)" (??0xpath_node@pugi@@QEAA@XZ) déjà défini dans assimp64d.lib(ImporterRegistry.obj) ; seconde définition ignorée
pugixmld.lib(pugixml.obj) : warning LNK4006: "public: __cdecl pugi::xpath_node_set::xpath_node_set(void)" (??0xpath_node_set@pugi@@QEAA@XZ) déjà défini dans assimp64d.lib(ImporterRegistry.obj) ; seconde définition ignorée
pugixmld.lib(pugixml.obj) : warning LNK4006: "public: __cdecl pugi::xpath_node_set::~xpath_node_set(void)" (??1xpath_node_set@pugi@@QEAA@XZ) déjà défini dans assimp64d.lib(ImporterRegistry.obj) ; seconde définition ignorée
bin\RealEngine_debug.exe : warning LNK4088: image en cours de génération à cause de l'option /FORCE ; l'image risque de ne pas s'exécuter
  RealEngine.vcxproj -> C:\Dev\openFrameworks\apps\RealEngine\bin\RealEngine_debug.exe
  
  	                   2	C:\Dev\openFrameworks\libs\fmod\lib\vs\x64\
  	  Nouveau fichier		 1826304	C:\Dev\openFrameworks\libs\fmod\lib\vs\x64\fmod.dll
  	  Nouveau fichier		 2041856	C:\Dev\openFrameworks\libs\fmod\lib\vs\x64\fmodL.dll
  
  	                   1	C:\Dev\openFrameworks\libs\FreeImage\lib\vs\x64\
  	  *Fichier SUPPL.		 1826304	C:\Dev\openFrameworks\apps\RealEngine\bin\fmod.dll
  	  *Fichier SUPPL.		 2041856	C:\Dev\openFrameworks\apps\RealEngine\bin\fmodL.dll
  	  Nouveau fichier		 6942208	C:\Dev\openFrameworks\libs\FreeImage\lib\vs\x64\FreeImage.dll
